1.818181818181820120e+00
1.272727272727273373e+00
-2.727272727272733732e-01
-8.181818181818130142e-01
-3.636363636363597607e-01
-9.090909090909065071e-01
-1.454545454545453254e+00
-2.000000000000000000e+00
-3.545454545454546746e+00
3.909090909090913613e+00
2.363636363636366866e+00
1.818181818181798803e-01
-6.000000000000014211e-01
6.181818181818172775e-01
-1.163636363636364024e+00
-1.945454545454545325e+00
1.272727272727273373e+00
1.490909090909084966e+00
1.709090909090903665e+00
9.272727272727223635e-01
-8.545454545454589379e-01
-1.636363636363640239e+00
1.272727272727266268e+00
5.999999999999943157e-01
-1.072727272727277636e+00
2.545454545454504114e-01
5.818181818181784593e-01
-9.090909090909349288e-02
-1.763636363636365445e+00
-2.436363636363644503e+00
-1.109090909090916455e+00
2.218181818181811593e+00
1.545454545454539641e+00
1.272727272727266268e+00
-4.545454545454603590e-01
1.818181818181813014e+00
9.090909090908638746e-02
-6.363636363636402393e-01
-2.363636363636373972e+00
-3.090909090909093493e+00
-8.181818181818272251e-01
2.454545454545446148e+00
1.727272727272719521e+00
-7.105427357601001859e-15
9.090909090909349288e-02
2.363636363636416604e-01
3.818181818181827225e-01
-4.727272727272691100e-01
6.727272727272719521e-01
-1.818181818181798803e-01
-3.636363636363171281e-02
-8.909090909090906507e-01
-7.454545454545424832e-01
-1.599999999999994316e+00
2.545454545454546746e+00
-4.545454545454674644e-02
2.181818181818186986e-01
4.818181818181841436e-01
-2.545454545454575168e-01
9.090909090907928203e-03
2.727272727272733732e-01
-4.636363636363682872e-01
-1.200000000000002842e+00
6.363636363636260285e-02
3.272727272727280479e-01
5.909090909090934929e-01
2.727272727272733732e-01
-1.636363636363640239e-01
3.999999999999985789e-01
-3.636363636363881824e-02
-4.727272727272691100e-01
9.090909090909349288e-02
-3.454545454545439043e-01
2.181818181818186986e-01
-2.181818181818186986e-01
-6.545454545454560957e-01
9.090909090909065071e-01
2.272727272727273373e+00
1.472727272727276215e+00
6.727272727272719521e-01
-1.127272727272725206e+00
-1.927272727272729469e+00
-1.727272727272726627e+00
-2.527272727272730890e+00
-3.327272727272728048e+00
1.872727272727274794e+00
3.072727272727277636e+00
1.272727272727273373e+00
5.000000000000000000e-01
3.636363636363881824e-02
-4.272727272727294690e-01
1.090909090909093493e-01
-3.545454545454518325e-01
1.818181818181798803e-01
-2.818181818181813014e-01
2.545454545454575168e-01
-2.090909090909107704e-01
-6.727272727272719521e-01
8.636363636363597607e-01
3.636363636363668661e-01
6.545454545454560957e-01
-5.454545454545467464e-02
2.363636363636416604e-01
-4.727272727272691100e-01
-1.818181818181798803e-01
-8.909090909090906507e-01
-1.599999999999994316e+00
6.909090909090949140e-01
-1.818181818181585641e-02
1.272727272727273373e+00
2.363636363636366866e+00
6.545454545454560957e-01
-5.454545454544756922e-02
-1.763636363636358340e+00
-4.727272727272691100e-01
-1.818181818181798803e-01
-8.909090909090906507e-01
-1.599999999999994316e+00
-2.309090909090905086e+00
-1.818181818181585641e-02
4.272727272727280479e+00
2.727272727272733732e-01
-2.000000000000028422e-01
3.272727272727280479e-01
-1.454545454545481675e-01
3.818181818181827225e-01
-9.090909090909349288e-02
-5.636363636363626028e-01
-3.636363636363881824e-02
-5.090909090909079282e-01
-9.818181818181841436e-01
1.545454545454546746e+00
-1.636363636363640239e+00
1.672727272727271952e+00
9.818181818181770382e-01
2.909090909090892296e-01
-4.000000000000056843e-01
-2.090909090909093493e+00
2.181818181818186986e-01
5.272727272727237846e-01
8.363636363636288706e-01
1.454545454545410621e-01
-5.454545454545467464e-01
1.727272727272726627e+00
1.345454545454543904e+00
-3.636363636363881824e-02
-4.181818181818215407e-01
-1.799999999999997158e+00
-1.181818181818179880e+00
-5.636363636363626028e-01
-9.454545454545453254e-01
-2.327272727272728048e+00
2.909090909090892296e-01
3.909090909090906507e+00
2.500000000000000000e+00
1.709090909090910770e+00
9.181818181818215407e-01
-8.727272727272747943e-01
-1.663636363636364024e+00
-3.454545454545453254e+00
-2.245454545454549589e+00
-3.036363636363638818e+00
1.727272727272719521e-01
3.381818181818182723e+00
2.590909090909093493e+00
-1.363636363636402393e-01
7.272727272727053105e-02
2.818181818181813014e-01
4.909090909090849664e-01
-3.000000000000042633e-01
-1.090909090909093493e+00
1.181818181818172775e-01
3.272727272727209424e-01
5.363636363636317128e-01
-2.545454545454575168e-01
-4.545454545454674644e-02
-4.545454545454603590e-01
1.636363636363569185e-01
-2.181818181818258040e-01
3.999999999999914735e-01
1.818181818181585641e-02
6.363636363636331339e-01
2.545454545454504114e-01
-1.272727272727323111e-01
-5.090909090909150336e-01
-8.909090909090977561e-01
7.272727272727195214e-01
1.454545454545453254e+00
-2.363636363636345550e-01
-9.272727272727294690e-01
3.818181818181827225e-01
6.909090909090878085e-01
-1.000000000000000000e+00
-1.690909090909087809e+00
-3.818181818181827225e-01
-7.272727272727763648e-02
1.236363636363634555e+00
5.454545454545467464e-01
4.545454545454603590e-01
6.363636363636402393e-01
-1.818181818181727749e-01
7.105427357601001859e-15
-8.181818181818130142e-01
3.636363636363668661e-01
-4.545454545454461481e-01
-1.272727272727266268e+00
-9.090909090908638746e-02
9.090909090909349288e-02
1.272727272727280479e+00
2.136363636363640239e+00
1.472727272727276215e+00
-1.909090909090878085e-01
-8.545454545454518325e-01
-5.181818181818158564e-01
-2.181818181818179880e+00
-1.845454545454543904e+00
-5.090909090909008228e-01
-2.172727272727271952e+00
1.636363636363711294e-01
4.500000000000000000e+00
2.909090909090913613e+00
1.000000000000007105e+00
9.090909090909349288e-02
-8.181818181818130142e-01
-1.727272727272719521e+00
-3.636363636363633134e+00
-1.545454545454539641e+00
-2.454545454545453254e+00
3.636363636363640239e+00
1.727272727272733732e+00
8.181818181818201197e-01
7.727272727272733732e-01
7.272727272727053105e-02
3.727272727272747943e-01
-3.272727272727280479e-01
-2.727272727272378461e-02
-7.272727272727266268e-01
-1.427272727272722364e+00
-1.272727272727252057e-01
1.727272727272719521e-01
4.727272727272762154e-01
7.727272727272733732e-01
5.909090909090863875e-01
-2.000000000000028422e-01
9.090909090907928203e-03
2.181818181818115931e-01
-5.727272727272776365e-01
-1.363636363636366866e+00
8.454545454545439043e-01
5.454545454544756922e-02
2.636363636363583396e-01
4.727272727272691100e-01
-3.181818181818201197e-01
1.727272727272726627e+00
1.345454545454543904e+00
-3.636363636363881824e-02
-4.181818181818215407e-01
-1.799999999999997158e+00
-1.818181818181798803e-01
-1.563636363636362603e+00
-1.945454545454545325e+00
-2.327272727272728048e+00
2.290909090909089230e+00
2.909090909090906507e+00
9.090909090909349288e-02
1.727272727272726627e+00
3.636363636363668661e-01
-1.000000000000000000e+00
6.363636363636402393e-01
-7.272727272727266268e-01
-1.090909090909086387e+00
-1.454545454545453254e+00
-2.818181818181813014e+00
1.818181818181820120e+00
2.454545454545460359e+00
-4.545454545454674644e-02
-7.818181818181813014e-01
2.481818181818184144e+00
7.454545454545424832e-01
9.090909090907928203e-03
-1.727272727272726627e+00
-2.463636363636368287e+00
-2.000000000000028422e-01
6.363636363636260285e-02
1.327272727272728048e+00
5.909090909090934929e-01
3.000000000000000000e+00
1.418181818181821541e+00
-1.636363636363640239e-01
-7.454545454545424832e-01
-2.327272727272728048e+00
-1.909090909090906507e+00
-2.490909090909092072e+00
-2.072727272727270531e+00
3.454545454545439043e-01
2.763636363636365445e+00
2.181818181818179880e+00
3.272727272727273373e+00
1.527272727272730890e+00
-2.181818181818186986e-01
-9.636363636363611818e-01
-1.709090909090910770e+00
-3.454545454545453254e+00
-1.200000000000002842e+00
-9.454545454545453254e-01
-1.690909090909087809e+00
5.636363636363626028e-01
4.818181818181820120e+00
1.772727272727273373e+00
3.999999999999985789e-01
2.727272727273089004e-02
-3.454545454545439043e-01
-1.718181818181818699e+00
-9.090909090909349288e-02
-4.636363636363611818e-01
-1.836363636363635976e+00
-1.209090909090910770e+00
1.418181818181821541e+00
2.045454545454546746e+00
7.727272727272733732e-01
-2.363636363636345550e-01
-2.454545454545424832e-01
-2.254545454545450411e+00
-2.636363636363654450e-01
-1.272727272727273373e+00
2.718181818181818699e+00
2.709090909090910770e+00
7.000000000000028422e-01
-3.090909090909121915e-01
-2.318181818181820120e+00
2.727272727272733732e-01
-1.181818181818179880e+00
2.363636363636366866e+00
9.090909090909065071e-01
4.545454545454532536e-01
-1.000000000000000000e+00
-1.454545454545453254e+00
-2.909090909090906507e+00
-3.636363636363597607e-01
1.818181818181798803e-01
2.727272727272726627e+00
8.636363636363597607e-01
1.090909090909086387e+00
3.181818181818130142e-01
-4.545454545454603590e-01
-1.227272727272733732e+00
-1.000000000000000000e+00
-7.727272727272804786e-01
-1.545454545454546746e+00
6.818181818181798803e-01
9.090909090909065071e-01
1.136363636363633134e+00
1.909090909090906507e+00
5.090909090909079282e-01
1.090909090909093493e-01
-2.909090909090963351e-01
-1.690909090909094914e+00
-9.090909090909349288e-02
-4.909090909090920718e-01
-1.890909090909090651e+00
-2.290909090909096335e+00
3.090909090909050860e-01
3.909090909090906507e+00
1.363636363636402393e-01
4.181818181818215407e-01
7.000000000000028422e-01
-1.818181818181585641e-02
-7.363636363636345550e-01
-4.545454545454532536e-01
-1.172727272727271952e+00
1.090909090909093493e-01
3.909090909090977561e-01
-3.272727272727209424e-01
9.545454545454603590e-01
3.181818181818201197e-01
0.000000000000000000e+00
-3.181818181818130142e-01
3.636363636363668661e-01
4.545454545454674644e-02
-2.727272727272733732e-01
-5.909090909090863875e-01
9.090909090909349288e-02
-2.272727272727266268e-01
4.545454545454532536e-01
1.363636363636402393e-01
