3.409090909090906507e+00
1.818181818181813014e+00
2.272727272727266268e-01
-2.363636363636366866e+00
-3.954545454545453254e+00
-5.545454545454546746e+00
8.636363636363597607e-01
2.272727272727266268e+00
2.681818181818179880e+00
9.090909090909349288e-02
5.000000000000000000e-01
1.000000000000000000e+00
-7.999999999999971578e-01
1.399999999999998579e+00
6.000000000000014211e-01
-2.000000000000028422e-01
0.000000000000000000e+00
-1.799999999999997158e+00
-3.600000000000001421e+00
-3.999999999999985789e-01
1.799999999999997158e+00
2.000000000000000000e+00
9.545454545454532536e-01
8.727272727272747943e-01
7.909090909090892296e-01
-2.909090909090963351e-01
-1.372727272727274794e+00
-1.454545454545453254e+00
-3.536363636363638818e+00
1.381818181818175617e+00
1.299999999999997158e+00
1.218181818181818699e+00
1.363636363636331339e-01
3.500000000000000000e+00
1.072727272727270531e+00
-1.354545454545451832e+00
2.181818181818186986e-01
-1.209090909090910770e+00
-2.636363636363640239e+00
-3.063636363636362603e+00
-4.909090909090920718e-01
-9.181818181818215407e-01
6.545454545454560957e-01
4.227272727272726627e+00
1.727272727272726627e+00
1.727272727272726627e+00
1.727272727272726627e+00
-2.727272727272733732e-01
-1.272727272727273373e+00
-2.272727272727273373e+00
-4.272727272727273373e+00
-4.272727272727273373e+00
7.272727272727266268e-01
2.727272727272726627e+00
3.727272727272726627e+00
2.909090909090906507e+00
8.545454545454518325e-01
-1.200000000000002842e+00
7.454545454545424832e-01
-3.090909090909121915e-01
-1.363636363636366866e+00
-3.418181818181821541e+00
-3.472727272727276215e+00
-1.527272727272730890e+00
3.418181818181814435e+00
3.363636363636359761e+00
7.272727272727266268e-01
-5.272727272727308900e-01
-1.781818181818181301e+00
-2.036363636363638818e+00
7.090909090909107704e-01
2.454545454545453254e+00
2.200000000000002842e+00
9.454545454545453254e-01
-3.090909090909121915e-01
-1.563636363636362603e+00
-8.181818181818130142e-01
3.363636363636359761e+00
6.909090909090878085e-01
1.018181818181815856e+00
-6.545454545454560957e-01
-2.327272727272728048e+00
-3.000000000000000000e+00
-4.672727272727279058e+00
-3.454545454545510097e-01
9.818181818181770382e-01
3.309090909090905086e+00
1.636363636363633134e+00
-2.000000000000000000e+00
1.290909090909089230e+00
5.818181818181784593e-01
8.727272727272747943e-01
1.636363636363640239e-01
4.545454545454532536e-01
-2.545454545454575168e-01
-9.636363636363611818e-01
-6.727272727272719521e-01
-3.818181818181827225e-01
9.090909090909065071e-01
-1.272727272727273373e+00
9.090909090909349288e-02
4.545454545454532536e-01
8.181818181818201197e-01
1.818181818181798803e-01
5.454545454545467464e-01
-9.090909090909349288e-02
2.727272727272733732e-01
-3.636363636363668661e-01
-1.000000000000000000e+00
3.636363636363597607e-01
2.727272727272733732e-01
-2.363636363636345550e-01
2.545454545454575168e-01
-2.545454545454504114e-01
2.363636363636345550e-01
-2.727272727272733732e-01
2.181818181818186986e-01
-2.909090909090892296e-01
-7.999999999999971578e-01
6.909090909090949140e-01
1.818181818181869858e-01
-3.181818181818201197e-01
1.818181818181798803e-01
-3.181818181818201197e-01
1.818181818181798803e-01
6.818181818181798803e-01
1.818181818181798803e-01
-3.181818181818201197e-01
1.818181818181798803e-01
-3.181818181818201197e-01
-8.181818181818201197e-01
6.818181818181798803e-01
2.727272727272662678e-01
-4.545454545454603590e-01
-1.181818181818186986e+00
1.090909090909086387e+00
3.636363636363597607e-01
6.363636363636260285e-01
-9.090909090909349288e-02
1.818181818181727749e-01
-5.454545454545538519e-01
-1.272727272727280479e+00
9.999999999999928946e-01
4.181818181818179880e+00
2.000000000000000000e+00
-1.818181818181869858e-01
-1.363636363636366866e+00
-2.545454545454546746e+00
-2.727272727272726627e+00
-3.909090909090906507e+00
-3.090909090909093493e+00
1.727272727272726627e+00
1.545454545454546746e+00
4.363636363636359761e+00
2.590909090909086387e+00
9.999999999999928946e-01
1.409090909090906507e+00
-1.818181818181869858e-01
-1.772727272727280479e+00
-4.363636363636366866e+00
-4.954545454545460359e+00
-5.454545454545467464e-01
3.863636363636359761e+00
1.272727272727266268e+00
1.681818181818179880e+00
2.500000000000000000e+00
2.363636363636345550e-01
1.972727272727269110e+00
7.090909090909107704e-01
-1.554545454545454675e+00
-2.818181818181820120e+00
-5.081818181818178459e+00
-1.345454545454543904e+00
-6.090909090909093493e-01
1.127272727272725206e+00
4.863636363636359761e+00
2.727272727272733732e-01
2.581818181818185565e+00
8.909090909090906507e-01
2.000000000000028422e-01
-4.909090909090920718e-01
-2.181818181818179880e+00
-3.872727272727274794e+00
-3.563636363636362603e+00
1.745454545454549589e+00
2.054545454545454675e+00
2.363636363636359761e+00
2.909090909090906507e+00
5.272727272727237846e-01
1.145454545454541062e+00
-2.363636363636416604e-01
-1.618181818181824383e+00
-3.000000000000000000e+00
-3.381818181818182723e+00
-1.763636363636365445e+00
8.545454545454518325e-01
4.727272727272691100e-01
4.090909090909086387e+00
2.863636363636366866e+00
1.000000000000000000e+00
1.363636363636402393e-01
2.727272727272733732e-01
-1.590909090909086387e+00
-2.454545454545453254e+00
-3.318181818181813014e+00
-4.181818181818179880e+00
2.954545454545460359e+00
1.090909090909093493e+00
3.227272727272733732e+00
3.272727272727273373e+00
9.636363636363611818e-01
-3.454545454545439043e-01
3.454545454545439043e-01
-9.636363636363611818e-01
-2.272727272727273373e+00
-2.581818181818178459e+00
-4.890909090909090651e+00
-2.000000000000028422e-01
1.490909090909092072e+00
5.181818181818186986e+00
4.318181818181813014e+00
1.581818181818178459e+00
-1.545454545454560957e-01
-8.909090909090977561e-01
-2.627272727272732311e+00
-3.363636363636366866e+00
-6.100000000000008527e+00
1.636363636363569185e-01
1.427272727272722364e+00
3.690909090909087809e+00
1.954545454545453254e+00
8.181818181818130142e-01
2.909090909090892296e-01
-2.363636363636416604e-01
-7.636363636363654450e-01
-2.909090909090963351e-01
-8.181818181818201197e-01
6.545454545454489903e-01
1.272727272727252057e-01
-4.000000000000056843e-01
7.272727272727053105e-02
5.454545454545396410e-01
-1.272727272727273373e+00
1.018181818181815856e+00
3.090909090909050860e-01
6.000000000000014211e-01
-1.090909090909093493e-01
-8.181818181818201197e-01
4.727272727272691100e-01
-2.363636363636345550e-01
5.454545454545467464e-02
3.454545454545439043e-01
-3.636363636363668661e-01
3.318181818181820120e+00
7.090909090909107704e-01
-8.999999999999985789e-01
-5.090909090909079282e-01
-1.118181818181817277e+00
-1.727272727272726627e+00
-4.336363636363628871e+00
5.454545454546178007e-02
1.445454545454552431e+00
8.363636363636430815e-01
2.227272727272733732e+00
-1.409090909090913613e+00
9.090909090909065071e-01
2.272727272727195214e-01
5.454545454545396410e-01
-1.363636363636402393e-01
1.818181818181798803e-01
4.999999999999928946e-01
-1.818181818181869858e-01
-8.636363636363668661e-01
4.545454545454532536e-01
-2.272727272727337322e-01
3.318181818181820120e+00
8.000000000000042633e-01
-7.181818181818186986e-01
-2.236363636363634555e+00
-2.754545454545450411e+00
-2.272727272727273373e+00
-7.909090909090892296e-01
1.690909090909087809e+00
3.172727272727271952e+00
6.545454545454560957e-01
-8.636363636363668661e-01
2.727272727272726627e+00
2.218181818181818699e+00
7.090909090909107704e-01
-7.999999999999971578e-01
-3.309090909090912191e+00
-3.818181818181820120e+00
-6.327272727272728048e+00
3.163636363636356919e+00
2.654545454545456096e+00
2.145454545454541062e+00
6.363636363636331339e-01
1.272727272727273373e+00
2.181818181818179880e+00
1.090909090909093493e+00
0.000000000000000000e+00
-1.090909090909093493e+00
-3.181818181818179880e+00
-3.272727272727273373e+00
-1.363636363636359761e+00
-4.545454545454532536e-01
-5.454545454545467464e-01
5.363636363636366866e+00
3.000000000000000000e+00
1.763636363636365445e+00
5.272727272727308900e-01
-1.709090909090910770e+00
-1.945454545454545325e+00
-4.181818181818179880e+00
-1.418181818181821541e+00
-1.654545454545456096e+00
1.109090909090909349e+00
2.872727272727274794e+00
1.636363636363640239e+00
1.590909090909093493e+00
5.272727272727308900e-01
4.636363636363682872e-01
-5.999999999999943157e-01
-6.636363636363640239e-01
-7.272727272727266268e-01
-1.790909090909089230e+00
-8.545454545454518325e-01
-1.918181818181814435e+00
1.018181818181815856e+00
2.954545454545453254e+00
7.727272727272733732e-01
2.109090909090909349e+00
1.445454545454545325e+00
-1.218181818181818699e+00
-2.881818181818182723e+00
-4.545454545454546746e+00
-2.090909090909036649e-01
1.127272727272725206e+00
3.463636363636368287e+00
7.999999999999971578e-01
-8.636363636363597607e-01
1.909090909090906507e+00
1.818181818181585641e-02
1.127272727272725206e+00
2.363636363636345550e-01
-6.545454545454560957e-01
-1.545454545454546746e+00
-3.436363636363637397e+00
-3.327272727272728048e+00
1.781818181818181301e+00
1.890909090909090651e+00
2.000000000000000000e+00
3.636363636363597607e-01
1.872727272727267689e+00
3.818181818181756171e-01
-1.090909090909093493e-01
3.999999999999985789e-01
-1.090909090909093493e+00
-2.581818181818185565e+00
-4.072727272727277636e+00
4.363636363636302917e-01
1.945454545454538220e+00
2.454545454545453254e+00
-1.590909090909093493e+00
8.545454545454518325e-01
2.999999999999971578e-01
7.454545454545424832e-01
1.909090909090878085e-01
-3.636363636363668661e-01
8.181818181817845925e-02
5.272727272727237846e-01
-2.727272727273089004e-02
-5.818181818181855647e-01
-1.363636363636402393e-01
3.545454545454546746e+00
1.072727272727277636e+00
6.000000000000014211e-01
-8.727272727272747943e-01
-2.345454545454543904e+00
-2.818181818181813014e+00
-5.290909090909089230e+00
1.236363636363634555e+00
7.636363636363654450e-01
2.909090909090963351e-01
3.818181818181820120e+00
