4.636363636363640239e+00
1.418181818181821541e+00
-7.999999999999971578e-01
-5.018181818181815856e+00
-5.236363636363634555e+00
-5.454545454545453254e+00
7.327272727272742259e+00
4.109090909090923560e+00
8.909090909091048616e-01
-2.327272727272713837e+00
4.545454545454674644e-01
3.090909090909093493e+00
8.909090909090906507e-01
-3.090909090909050860e-01
-2.509090909090907928e+00
-1.709090909090903665e+00
9.090909090909349288e-02
-2.109090909090909349e+00
-2.309090909090912191e+00
2.490909090909092072e+00
1.290909090909096335e+00
1.090909090909093493e+00
1.363636363636402393e-01
1.072727272727277636e+00
9.090909090915033630e-03
9.454545454545524308e-01
-1.181818181818172775e-01
-1.181818181818179880e+00
-1.245454545454542483e+00
-1.309090909090905086e+00
-2.372727272727267689e+00
2.563636363636362603e+00
1.500000000000000000e+00
-1.363636363636402393e-01
1.672727272727271952e+00
2.481818181818177038e+00
1.290909090909089230e+00
-9.000000000000056843e-01
-2.090909090909093493e+00
-3.281818181818181301e+00
-4.472727272727276215e+00
-1.663636363636371129e+00
3.145454545454541062e+00
3.954545454545453254e+00
-2.272727272727273373e+00
2.218181818181818699e+00
7.090909090909107704e-01
2.000000000000028422e-01
6.909090909090878085e-01
1.818181818181798803e-01
-3.272727272727280479e-01
-1.836363636363635976e+00
-3.454545454545439043e-01
-1.854545454545458938e+00
2.636363636363640239e+00
9.090909090909349288e-02
2.272727272727273373e+00
1.454545454545460359e+00
-3.636363636363597607e-01
-1.181818181818179880e+00
-1.000000000000000000e+00
-1.818181818181813014e+00
-2.636363636363633134e+00
-3.454545454545453254e+00
3.727272727272733732e+00
2.909090909090913613e+00
9.545454545454532536e-01
-1.872727272727274794e+00
1.299999999999997158e+00
4.472727272727269110e+00
6.454545454545410621e-01
-2.181818181818186986e+00
-4.009090909090907928e+00
-2.836363636363635976e+00
-3.663636363636356919e+00
4.509090909090900823e+00
2.681818181818186986e+00
9.090909090909349288e-02
1.290909090909096335e+00
4.909090909090920718e-01
-3.090909090909050860e-01
-1.090909090909093493e-01
-9.090909090909065071e-01
-1.709090909090903665e+00
-5.090909090909079282e-01
-3.090909090909050860e-01
-1.090909090909093493e-01
2.090909090909093493e+00
1.363636363636366866e+00
2.545454545454575168e-01
2.145454545454548168e+00
3.636363636363881824e-02
9.272727272727294690e-01
-1.181818181818179880e+00
-2.290909090909082124e+00
-4.399999999999991473e+00
-5.509090909090900823e+00
3.818181818181898279e-01
8.272727272727280479e+00
5.454545454545467464e-01
-5.454545454545467464e-01
-6.363636363636331339e-01
1.272727272727273373e+00
1.818181818181869858e-01
9.090909090909349288e-02
-1.000000000000000000e+00
-9.090909090908638746e-02
-1.181818181818179880e+00
7.272727272727337322e-01
6.363636363636402393e-01
7.409090909090913613e+00
2.890909090909097756e+00
1.372727272727274794e+00
-3.145454545454541062e+00
-5.663636363636356919e+00
-8.181818181818179880e+00
-3.699999999999995737e+00
2.781818181818181301e+00
-7.363636363636345550e-01
-6.254545454545450411e+00
1.322727272727271952e+01
2.681818181818186986e+00
2.745454545454549589e+00
8.090909090909121915e-01
-2.127272727272725206e+00
-1.063636363636362603e+00
-1.000000000000000000e+00
-1.936363636363630292e+00
-4.872727272727267689e+00
-5.809090909090905086e+00
2.254545454545457517e+00
8.318181818181820120e+00
2.954545454545453254e+00
5.090909090909079282e-01
2.063636363636362603e+00
-3.818181818181827225e-01
-1.827272727272728048e+00
-2.272727272727273373e+00
-5.718181818181818699e+00
-1.163636363636364024e+00
-1.609090909090909349e+00
3.945454545454538220e+00
3.500000000000000000e+00
8.409090909090906507e+00
2.563636363636362603e+00
-3.281818181818181301e+00
-9.127272727272732311e+00
-9.727272727272762154e-01
1.181818181818179880e+00
-2.663636363636371129e+00
1.490909090909084966e+00
-2.354545454545458938e+00
-6.200000000000002842e+00
1.095454545454545325e+01
6.863636363636359761e+00
3.636363636363633134e+00
4.090909090909065071e-01
-2.818181818181827225e+00
-4.045454545454546746e+00
-8.272727272727280479e+00
-9.500000000000007105e+00
4.272727272727266268e+00
2.045454545454532536e+00
1.818181818181813014e+00
5.590909090909093493e+00
8.000000000000003553e+00
5.672727272727279058e+00
3.454545454545510097e-01
-3.981818181818177038e+00
-7.309090909090905086e+00
-8.636363636363633134e+00
-3.963636363636354076e+00
7.090909090909178758e-01
-6.181818181818101721e-01
-3.945454545454538220e+00
1.372727272727273373e+01
3.000000000000000000e+00
3.236363636363634555e+00
4.727272727272691100e-01
-3.290909090909089230e+00
-5.454545454545467464e-02
-2.818181818181820120e+00
-5.581818181818178459e+00
-1.345454545454543904e+00
-2.109090909090909349e+00
5.127272727272725206e+00
3.363636363636359761e+00
4.545454545454674644e-02
-7.272727272727053105e-02
8.090909090909121915e-01
-3.090909090909050860e-01
-4.272727272727223635e-01
-5.454545454545467464e-01
3.363636363636359761e-01
2.181818181818186986e-01
1.000000000000014211e-01
-1.018181818181815856e+00
8.636363636363668661e-01
8.181818181818201197e-01
1.309090909090912191e+00
-1.999999999999957367e-01
-1.709090909090903665e+00
-2.181818181818186986e-01
-7.272727272727266268e-01
-2.363636363636345550e-01
2.545454545454575168e-01
-2.545454545454504114e-01
-7.636363636363654450e-01
1.727272727272733732e+00
1.181818181818186986e+00
1.454545454545460359e+00
-2.727272727272662678e-01
7.105427357601001859e-15
-1.727272727272719521e+00
-4.545454545454532536e-01
-2.181818181818172775e+00
-9.090909090909065071e-01
3.636363636363668661e-01
6.363636363636402393e-01
1.909090909090913613e+00
4.909090909090906507e+00
2.963636363636361182e+00
1.818181818181585641e-02
-1.927272727272729469e+00
-4.872727272727274794e+00
-4.818181818181820120e+00
-2.763636363636365445e+00
-2.709090909090917876e+00
3.345454545454543904e+00
3.400000000000005684e+00
2.454545454545453254e+00
-3.636363636363597607e-01
-3.927272727272722364e+00
2.509090909090915034e+00
9.454545454545524308e-01
3.818181818181898279e-01
1.818181818181827225e+00
1.254545454545457517e+00
-1.309090909090912191e+00
1.272727272727252057e-01
-4.363636363636373972e-01
-1.000000000000000000e+00
3.181818181818201197e-01
-5.272727272727237846e-01
6.272727272727323111e-01
-2.181818181818186986e-01
-6.363636363636260285e-02
-9.090909090909065071e-01
2.454545454545495886e-01
4.000000000000056843e-01
5.545454545454546746e-01
-2.909090909090892296e-01
-1.363636363636331339e-01
1.727272727272733732e+00
-1.145454545454541062e+00
9.818181818181912490e-01
2.109090909090916455e+00
-1.763636363636358340e+00
-2.636363636363626028e+00
-1.509090909090900823e+00
-2.381818181818175617e+00
2.745454545454549589e+00
1.872727272727274794e+00
0.000000000000000000e+00
-2.227272727272733732e+00
1.999999999999992895e+00
3.227272727272719521e+00
1.454545454545446148e+00
-1.318181818181827225e+00
-3.090909090909093493e+00
-1.863636363636373972e+00
-2.636363636363640239e+00
2.590909090909079282e+00
1.818181818181813014e+00
4.545454545453253559e-02
1.318181818181820120e+00
5.636363636363626028e-01
-1.190909090909087809e+00
-9.454545454545453254e-01
3.000000000000042633e-01
-4.545454545454532536e-01
-1.209090909090903665e+00
1.036363636363638818e+00
2.818181818181813014e-01
-4.727272727272691100e-01
7.727272727272733732e-01
-1.227272727272726627e+00
-1.218181818181818699e+00
7.909090909090892296e-01
7.999999999999971578e-01
8.090909090909121915e-01
8.181818181818201197e-01
8.272727272727280479e-01
-1.636363636363640239e-01
-1.545454545454560957e-01
-1.454545454545410621e-01
-1.136363636363640239e+00
8.181818181818201197e-01
7.272727272727266268e-01
-1.363636363636359761e+00
2.545454545454546746e+00
1.454545454545453254e+00
-1.636363636363633134e+00
-2.727272727272726627e+00
-2.818181818181813014e+00
-9.090909090909065071e-01
-1.000000000000000000e+00
4.909090909090906507e+00
-1.181818181818186986e+00
-4.545454545454603590e-01
2.727272727272662678e-01
9.999999999999928946e-01
7.272727272727195214e-01
4.545454545454532536e-01
1.818181818181727749e-01
-9.090909090909349288e-02
-3.636363636363668661e-01
3.636363636363597607e-01
-9.090909090909136125e-01
2.409090909090906507e+00
4.399999999999998579e+00
1.390909090909090651e+00
-1.618181818181824383e+00
1.372727272727274794e+00
-2.636363636363640239e+00
-5.645454545454555273e+00
-1.065454545454545610e+01
-3.663636363636356919e+00
3.327272727272728048e+00
1.131818181818181301e+01
-2.272727272727273373e+00
6.000000000000014211e-01
4.727272727272691100e-01
3.454545454545439043e-01
1.218181818181818699e+00
9.090909090909349288e-02
-3.636363636363881824e-02
8.363636363636359761e-01
7.090909090909107704e-01
-4.181818181818215407e-01
-1.545454545454546746e+00
5.454545454545467464e-01
4.727272727272762154e-01
-6.000000000000014211e-01
-6.727272727272719521e-01
2.545454545454575168e-01
1.818181818181869858e-01
1.090909090909093493e-01
3.636363636363881824e-02
-1.036363636363631713e+00
-1.109090909090909349e+00
1.818181818181820120e+00
-1.818181818181869858e-01
-1.309090909090912191e+00
-4.363636363636373972e-01
2.436363636363630292e+00
-1.690909090909094914e+00
2.181818181818179880e+00
1.054545454545447569e+00
-3.072727272727277636e+00
1.799999999999997158e+00
6.727272727272719521e-01
-1.454545454545453254e+00
3.454545454545453254e+00
4.545454545454532536e-01
2.454545454545453254e+00
-1.545454545454546746e+00
-4.545454545454546746e+00
-4.545454545454546746e+00
-5.454545454545467464e-01
-1.545454545454546746e+00
3.454545454545453254e+00
2.454545454545453254e+00
4.545454545454532536e-01
-2.090909090909086387e+00
3.636363636363640239e+00
1.363636363636366866e+00
-9.090909090909065071e-01
-1.181818181818179880e+00
-4.545454545454532536e-01
-7.272727272727195214e-01
-2.000000000000000000e+00
7.272727272727337322e-01
4.545454545454532536e-01
1.181818181818186986e+00
