6.363636363636402393e-01
-1.418181818181814435e+00
-4.472727272727269110e+00
2.472727272727276215e+00
1.418181818181821541e+00
3.363636363636366866e+00
1.309090909090912191e+00
-7.454545454545495886e-01
-7.999999999999971578e-01
-1.854545454545444727e+00
9.090909090909349288e-02
-4.181818181818186986e+00
1.092727272727272236e+01
6.036363636363631713e+00
1.454545454545410621e-01
-7.454545454545495886e-01
-5.636363636363640239e+00
-1.052727272727273089e+01
-1.141818181818182154e+01
-3.090909090909121915e-01
3.799999999999997158e+00
1.190909090909090651e+01
1.040909090909089940e+01
4.890909090909083545e+00
3.727272727272605835e-01
-1.145454545454555273e+00
-4.663636363636371129e+00
-1.218181818181818699e+01
-1.970000000000001705e+01
-3.218181818181818699e+00
1.426363636363635123e+01
5.745454545454549589e+00
5.227272727272719521e+00
9.818181818181813014e+00
5.127272727272725206e+00
1.436363636363630292e+00
-3.254545454545457517e+00
-3.945454545454552431e+00
-6.636363636363640239e+00
-1.232727272727272805e+01
-1.301818181818183007e+01
3.290909090909082124e+00
5.599999999999994316e+00
1.390909090909090651e+01
-9.090909090909207180e-01
1.127272727272718100e+00
-5.836363636363643081e+00
-2.800000000000011369e+00
-1.763636363636379656e+00
4.272727272727266268e+00
6.309090909090897981e+00
9.345454545454543904e+00
3.381818181818175617e+00
-5.581818181818192670e+00
-7.545454545454560957e+00
7.409090909090906507e+00
1.090909090909093493e-01
-8.190909090909094914e+00
-8.490909090909099177e+00
-6.790909090909096335e+00
1.090909090909090651e+01
3.609090909090895138e+00
3.309090909090897981e+00
6.009090909090900823e+00
-2.909090909090963351e-01
-7.590909090909093493e+00
6.045454545454546746e+00
2.818181818181820120e+00
-4.090909090909065071e-01
-2.636363636363633134e+00
-4.863636363636359761e+00
-4.090909090909093493e+00
-6.318181818181813014e+00
2.454545454545453254e+00
1.227272727272733732e+00
1.000000000000000000e+00
4.772727272727280479e+00
3.227272727272726627e+00
2.563636363636362603e+00
-2.100000000000001421e+00
2.363636363636345550e-01
-5.427272727272736574e+00
-5.090909090909093493e+00
4.245454545454549589e+00
-1.418181818181821541e+00
9.181818181818073299e-01
3.254545454545450411e+00
-4.090909090909065071e-01
5.045454545454553852e+00
2.672727272727279058e+00
3.000000000000113687e-01
9.272727272727365744e-01
-4.454545454545382199e-01
-4.818181818181813014e+00
-8.190909090909087809e+00
-7.563636363636362603e+00
1.063636363636362603e+00
-3.309090909090912191e+00
1.431818181818181301e+01
1.145454545454546036e+01
2.745454545454549589e+00
-5.963636363636361182e+00
-1.267272727272727195e+01
-3.381818181818175617e+00
-1.090909090909093493e+00
4.199999999999988631e+00
-3.509090909090900823e+00
7.781818181818181301e+00
1.072727272727263426e+00
-6.363636363636544502e-01
5.500000000000000000e+00
1.109090909090909349e+00
-3.281818181818181301e+00
-6.672727272727271952e+00
-5.063636363636362603e+00
3.545454545454546746e+00
3.154545454545456096e+00
-2.363636363636345550e-01
4.372727272727274794e+00
-1.818181818181585641e-02
-2.409090909090906507e+00
1.495454545454546036e+01
5.363636363636366866e+00
-3.227272727272719521e+00
-1.281818181818181301e+01
-1.040909090909090651e+01
3.000000000000000000e+00
-6.590909090909093493e+00
-1.181818181818186986e+00
-8.772727272727280479e+00
1.263636363636362603e+01
7.045454545454532536e+00
1.272727272727273373e+00
3.090909090909093493e+00
9.090909090909065071e-01
-2.727272727272733732e-01
-1.454545454545453254e+00
-3.636363636363633134e+00
-2.818181818181813014e+00
-4.000000000000000000e+00
8.181818181818201197e-01
2.636363636363640239e+00
3.454545454545453254e+00
-4.090909090909065071e-01
-1.327272727272728048e+00
-2.454545454545424832e-01
-1.163636363636356919e+00
2.918181818181821541e+00
1.000000000000000000e+00
2.081818181818185565e+00
1.636363636363711294e-01
-1.754545454545450411e+00
-1.672727272727271952e+00
4.090909090909065071e-01
1.318181818181820120e+00
1.727272727272726627e+00
1.363636363636402393e-01
-1.454545454545453254e+00
-1.045454545454546746e+00
-1.636363636363633134e+00
-1.227272727272726627e+00
1.818181818181869858e-01
-4.090909090909065071e-01
0.000000000000000000e+00
2.409090909090913613e+00
1.422727272727273373e+01
3.872727272727274794e+00
-6.481818181818177038e+00
-1.583636363636362887e+01
-2.219090909090908781e+01
1.345454545454545325e+01
5.099999999999994316e+00
4.745454545454549589e+00
8.390909090909090651e+00
3.636363636363171281e-02
-5.318181818181827225e+00
1.295454545454545325e+01
6.309090909090912191e+00
-1.336363636363635976e+00
-1.098181818181818414e+01
-1.662727272727272521e+01
-1.427272727272726627e+01
3.081818181818192670e+00
1.343636363636363740e+01
9.790909090909096335e+00
1.454545454545552730e-01
-2.499999999999985789e+00
7.000000000000000000e+00
1.109090909090909349e+00
-6.781818181818181301e+00
-1.367272727272727195e+01
-2.256363636363636260e+01
1.754545454545454675e+01
1.965454545454545610e+01
1.276363636363636545e+01
2.872727272727274794e+00
-5.018181818181815856e+00
-1.290909090909090651e+01
1.445454545454546036e+01
7.581818181818185565e+00
-2.909090909090821242e-01
-8.163636363636356919e+00
-1.503636363636363171e+01
-1.190909090909090651e+01
-2.078181818181818130e+01
1.834545454545454390e+01
1.147272727272726911e+01
1.599999999999994316e+00
2.727272727272719521e+00
1.100000000000000000e+01
5.399999999999998579e+00
-2.000000000000028422e-01
-6.799999999999997158e+00
-8.399999999999998579e+00
-4.000000000000000000e+00
-5.599999999999994316e+00
-7.199999999999988631e+00
2.000000000000028422e-01
4.600000000000008527e+00
1.100000000000000000e+01
6.363636363636373972e+00
1.327272727272735153e+00
-4.709090909090903665e+00
-3.745454545454535378e+00
-1.078181818181818130e+01
-1.681818181818181301e+01
2.214545454545455527e+01
1.310909090909092356e+01
6.072727272727277636e+00
-2.963636363636354076e+00
-1.000000000000000000e+01
3.181818181818179880e+00
1.127272727272725206e+00
7.272727272727053105e-02
-1.981818181818184144e+00
-3.636363636363881824e-02
-1.090909090909093493e+00
-2.145454545454548168e+00
-3.200000000000002842e+00
-2.254545454545457517e+00
-3.090909090909121915e-01
6.636363636363633134e+00
1.372727272727272663e+01
8.600000000000001421e+00
1.472727272727269110e+00
-6.654545454545456096e+00
-1.378181818181818130e+01
-4.909090909090906507e+00
-1.203636363636363171e+01
-1.416363636363635692e+01
7.090909090909178758e-01
1.658181818181819267e+01
1.045454545454546746e+01
1.177272727272727337e+01
5.018181818181815856e+00
-7.363636363636345550e-01
-3.490909090909092072e+00
-9.245454545454549589e+00
-1.500000000000000000e+01
-4.754545454545450411e+00
-1.509090909090900823e+00
8.736363636363634555e+00
3.981818181818169933e+00
5.227272727272719521e+00
1.740909090909091361e+01
8.072727272727277636e+00
-2.636363636363583396e-01
-5.599999999999994316e+00
-1.393636363636363029e+01
-2.327272727272726627e+01
-1.460909090909089514e+01
5.054545454545461780e+00
1.371818181818181870e+01
1.038181818181817562e+01
3.045454545454560957e+00
1.272727272727273373e+00
-1.818181818181585641e-02
-1.309090909090912191e+00
3.999999999999985789e-01
1.090909090909093493e-01
-1.818181818181798803e-01
-1.472727272727269110e+00
2.363636363636345550e-01
-5.454545454545467464e-02
6.545454545454560957e-01
3.636363636363597607e-01
1.277272727272727337e+01
7.109090909090909349e+00
1.445454545454545325e+00
-5.218181818181818699e+00
-1.188181818181818272e+01
-1.854545454545454675e+01
-3.209090909090917876e+00
4.127272727272725206e+00
-1.536363636363631713e+00
8.000000000000113687e-01
1.413636363636362603e+01
1.254545454545453964e+01
7.599999999999994316e+00
6.545454545454489903e-01
-6.290909090909096335e+00
-1.323636363636364877e+01
-1.218181818181818699e+01
-1.912727272727272521e+01
8.927272727272722364e+00
1.398181818181816993e+01
7.036363636363631713e+00
9.090909090909349288e-02
1.613636363636364024e+01
9.109090909090909349e+00
1.081818181818185565e+00
-6.945454545454538220e+00
-1.497272727272726911e+01
-1.300000000000000000e+01
-2.002727272727273089e+01
-2.054545454545447569e+00
1.291818181818182154e+01
1.189090909090909065e+01
5.863636363636359761e+00
1.459090909090909349e+01
7.236363636363634555e+00
-1.181818181818172775e-01
-7.472727272727269110e+00
-1.482727272727272805e+01
-1.318181818181818699e+01
-1.653636363636363171e+01
9.109090909090909349e+00
1.475454545454545041e+01
6.399999999999991473e+00
4.545454545453253559e-02
1.136363636363640239e+00
1.072727272727277636e+00
2.009090909090915034e+00
-5.454545454544756922e-02
-1.118181818181810172e+00
-3.181818181818172775e+00
-4.245454545454542483e+00
-3.090909090909050860e-01
1.627272727272725206e+00
5.636363636363626028e-01
2.500000000000000000e+00
1.359090909090909349e+01
8.454545454545453254e+00
2.318181818181820120e+00
-5.818181818181813014e+00
-1.195454545454545325e+01
-1.909090909090909349e+01
-1.422727272727271952e+01
4.636363636363640239e+00
4.500000000000000000e+00
1.136363636363635976e+01
6.227272727272719521e+00
-5.000000000000000000e-01
-2.000000000000028422e-01
-8.999999999999985789e-01
3.999999999999985789e-01
7.000000000000028422e-01
1.000000000000000000e+00
2.999999999999971578e-01
6.000000000000014211e-01
-1.000000000000014211e-01
-7.999999999999971578e-01
-5.000000000000000000e-01
4.954545454545453254e+00
1.272727272727273373e+00
-2.409090909090906507e+00
-9.090909090909349288e-02
-7.727272727272733732e-01
5.454545454545467464e-01
-2.136363636363640239e+00
-3.818181818181813014e+00
-6.500000000000000000e+00
-6.181818181818186986e+00
1.513636363636364024e+01
7.818181818181813014e+00
2.527272727272723785e+00
5.236363636363634555e+00
-2.054545454545461780e+00
-7.345454545454543904e+00
-1.163636363636364024e+01
-1.692727272727273657e+01
3.781818181818181301e+00
1.149090909090908497e+01
7.199999999999988631e+00
-9.090909090909349288e-02
