1.672727272727273373e+01
7.509090909090915034e+00
-1.709090909090903665e+00
-1.192727272727272236e+01
-1.314545454545454106e+01
-9.363636363636359761e+00
-1.858181818181817846e+01
1.220000000000000284e+01
7.981818181818184144e+00
9.763636363636365445e+00
5.454545454545467464e-01
6.181818181818186986e+00
3.818181818181898279e-01
-4.418181818181814435e+00
-4.218181818181818699e+00
-8.018181818181815856e+00
-1.681818181818181301e+01
1.938181818181817562e+01
1.458181818181817846e+01
6.781818181818181301e+00
-3.018181818181815856e+00
-1.081818181818181301e+01
1.149999999999999289e+01
4.654545454545448990e+00
-4.190909090909102019e+00
-2.036363636363645924e+00
-1.188181818181818983e+01
-1.172727272727273373e+01
-1.572727272727291847e+00
2.581818181818164248e+00
5.736363636363620344e+00
7.890909090909076440e+00
-9.545454545454674644e-01
1.640909090909092072e+01
7.109090909090916455e+00
-2.190909090909087809e+00
-1.149090909090908497e+01
-9.790909090909082124e+00
-1.109090909090909349e+01
-2.039090909090909065e+01
7.309090909090897981e+00
1.800909090909090082e+01
7.709090909090903665e+00
-1.590909090909107704e+00
4.136363636363633134e+00
3.036363636363631713e+00
-6.363636363636260285e-02
1.836363636363635976e+00
-2.636363636363654450e-01
-4.363636363636366866e+00
-4.463636363636368287e+00
-8.563636363636362603e+00
-9.663636363636356919e+00
5.236363636363634555e+00
1.313636363636362603e+01
6.590909090909086387e+00
9.636363636363633134e+00
1.681818181818172775e+00
-7.272727272727280479e+00
-1.722727272727273373e+01
-1.918181818181818699e+01
6.863636363636345550e+00
9.909090909090906507e+00
1.195454545454543904e+01
3.000000000000000000e+00
-5.954545454545467464e+00
1.895454545454545325e+01
7.527272727272723785e+00
-3.900000000000005684e+00
-1.032727272727272805e+01
-1.875454545454545041e+01
-1.218181818181818699e+01
-2.260909090909090935e+01
2.496363636363635408e+01
1.453636363636363171e+01
6.109090909090909349e+00
-4.318181818181813014e+00
3.454545454545453254e+00
-6.145454545454548168e+00
-1.474545454545454959e+01
-1.334545454545454390e+01
1.205454545454546178e+01
1.845454545454545325e+01
8.854545454545458938e+00
1.025454545454545041e+01
3.654545454545456096e+00
-5.945454545454538220e+00
-1.654545454545456096e+01
1.454545454545454675e+01
7.181818181818186986e+00
-3.181818181818179880e+00
-1.254545454545454675e+01
-5.909090909090906507e+00
-1.527272727272726627e+01
-1.663636363636362603e+01
1.700000000000000000e+01
1.263636363636364024e+01
5.272727272727280479e+00
-3.090909090909065071e+00
2.681818181818179880e+00
1.945454545454545325e+00
2.090909090909036649e-01
-1.527272727272730890e+00
-3.263636363636365445e+00
-6.000000000000000000e+00
2.636363636363654450e-01
1.527272727272723785e+00
3.790909090909089230e+00
1.054545454545454675e+00
-6.818181818181869858e-01
4.772727272727280479e+00
9.636363636363640239e+00
5.500000000000007105e+00
-2.636363636363626028e+00
-4.772727272727266268e+00
-9.909090909090906507e+00
-1.604545454545453254e+01
-1.918181818181817277e+01
1.468181818181818699e+01
1.054545454545454675e+01
7.409090909090906507e+00
1.681818181818179880e+00
1.174545454545454248e+01
2.809090909090912191e+00
-1.272727272727252057e-01
-6.063636363636362603e+00
-1.500000000000000000e+01
-2.193636363636363740e+01
1.012727272727272521e+01
9.190909090909087809e+00
6.254545454545450411e+00
1.318181818181813014e+00
1.481818181818181301e+01
7.345454545454543904e+00
-1.127272727272732311e+00
-8.600000000000008527e+00
-8.072727272727277636e+00
-1.154545454545454675e+01
-1.601818181818183007e+01
-4.909090909090991772e-01
8.036363636363631713e+00
1.056363636363636260e+01
5.090909090909093493e+00
7.500000000000000000e+00
9.581818181818178459e+00
4.663636363636364024e+00
-3.254545454545450411e+00
-1.217272727272727195e+01
-1.609090909090909349e+01
-2.200909090909090082e+01
1.307272727272727764e+01
1.115454545454545610e+01
4.236363636363634555e+00
3.318181818181813014e+00
1.727272727272719521e+00
8.436363636363630292e+00
-8.545454545454589379e-01
-4.145454545454555273e+00
-1.043636363636363740e+01
-1.972727272727273373e+01
1.498181818181816993e+01
1.269090909090908781e+01
3.399999999999991473e+00
-8.909090909091048616e-01
-5.181818181818186986e+00
1.809090909090909349e+01
6.781818181818184854e+00
-4.527272727272723785e+00
-1.583636363636362887e+01
-2.614545454545454106e+01
-1.245454545454545325e+01
1.823636363636364877e+01
1.292727272727273657e+01
5.618181818181824383e+00
1.309090909090912191e+00
-4.000000000000000000e+00
1.463636363636363313e+01
5.581818181818178459e+00
-3.472727272727276215e+00
-1.352727272727273089e+01
-2.258181818181819267e+01
-1.563636363636364024e+01
2.130909090909091219e+01
1.425454545454545041e+01
5.199999999999988631e+00
1.145454545454526851e+00
-6.909090909090906507e+00
1.222727272727272663e+01
6.890909090909090651e+00
-1.445454545454545325e+00
-1.781818181818181301e+00
-6.118181818181824383e+00
-8.454545454545453254e+00
-1.579090909090908212e+01
-1.512727272727272521e+01
8.536363636363631713e+00
1.019999999999998863e+01
1.086363636363637397e+01
1.668181818181818699e+01
6.254545454545457517e+00
-3.172727272727271952e+00
-1.459999999999999432e+01
-2.302727272727273089e+01
-1.645454545454545325e+01
1.011818181818182438e+01
2.069090909090908781e+01
1.026363636363636545e+01
1.836363636363643081e+00
-8.590909090909093493e+00
2.136363636363633134e+00
-1.090909090909093493e-01
6.454545454545410621e-01
-6.000000000000014211e-01
1.545454545454489903e-01
-1.090909090909093493e+00
-3.363636363636430815e-01
-2.581818181818185565e+00
-3.827272727272728048e+00
-7.272727272727763648e-02
5.681818181818172775e+00
1.140909090909089940e+01
3.890909090909083545e+00
-6.272727272727394165e-01
-1.454545454545552730e-01
-3.663636363636371129e+00
-1.218181818181818699e+01
-1.970000000000001705e+01
-2.218181818181818699e+00
6.263636363636351234e+00
1.274545454545454959e+01
4.227272727272719521e+00
1.690909090909091361e+01
6.363636363636366866e+00
-5.181818181818172775e+00
-1.472727272727271952e+01
-1.827272727272726627e+01
-1.481818181818181301e+01
1.263636363636365445e+01
6.090909090909093493e+00
1.454545454545456096e+01
4.000000000000000000e+00
-7.545454545454532536e+00
1.345454545454545325e+01
2.836363636363635976e+00
-5.781818181818181301e+00
-1.640000000000000568e+01
-1.601818181818183007e+01
-1.163636363636364024e+01
2.074545454545453538e+01
1.912727272727272521e+01
8.509090909090900823e+00
-2.109090909090923560e+00
-1.272727272727274794e+01
2.227272727272726627e+00
-5.454545454545467464e-02
-3.363636363636359761e-01
3.818181818181827225e-01
-8.999999999999985789e-01
-1.181818181818179880e+00
-1.463636363636368287e+00
-7.454545454545495886e-01
-2.027272727272730890e+00
1.690909090909087809e+00
2.409090909090906507e+00
1.363636363636364024e+01
5.218181818181818699e+00
-1.199999999999995737e+00
-9.618181818181810172e+00
-1.703636363636363171e+01
-2.645454545454545325e+01
1.712727272727272521e+01
1.070909090909091788e+01
1.229090909090909634e+01
2.872727272727274794e+00
-7.545454545454560957e+00
1.531818181818182723e+01
8.200000000000009948e+00
2.081818181818192670e+00
-7.036363636363631713e+00
-1.415454545454544899e+01
-1.727272727272726627e+01
-1.639090909090909065e+01
4.490909090909099177e+00
1.237272727272727479e+01
4.254545454545450411e+00
8.136363636363640239e+00
1.363636363636359761e+00
1.036363636363631713e+00
-2.909090909090963351e-01
-6.181818181818243829e-01
-9.454545454545524308e-01
-1.272727272727280479e+00
3.999999999999985789e-01
-9.272727272727294690e-01
-2.545454545454575168e-01
-2.581818181818185565e+00
4.090909090909086387e+00
1.427272727272726627e+01
7.036363636363631713e+00
-3.200000000000002842e+00
-1.243636363636363740e+01
-2.167272727272727195e+01
-2.290909090909090651e+01
1.985454545454545894e+01
1.661818181818182438e+01
1.038181818181818983e+01
1.145454545454555273e+00
-9.090909090909065071e+00
1.272727272727273373e+01
8.909090909090913613e+00
1.090909090909093493e+00
-6.727272727272719521e+00
-5.545454545454539641e+00
-8.363636363636359761e+00
-1.418181818181817277e+01
-1.600000000000000000e+01
-4.818181818181813014e+00
2.036363636363637397e+01
1.254545454545454675e+01
1.609090909090909349e+01
6.418181818181821541e+00
-2.545454545454504114e-01
-7.927272727272722364e+00
-1.159999999999999432e+01
-1.727272727272726627e+01
-2.094545454545453822e+01
1.638181818181818983e+01
1.170909090909091788e+01
6.036363636363645924e+00
1.363636363636373972e+00
1.449999999999999289e+01
5.563636363636355497e+00
-4.372727272727274794e+00
-1.130909090909091219e+01
-1.224545454545454959e+01
-2.218181818181818699e+01
1.188181818181817562e+01
8.945454545454538220e+00
1.300909090909090082e+01
3.072727272727263426e+00
-6.863636363636373972e+00
1.740909090909089940e+01
8.890909090909083545e+00
3.727272727272605835e-01
-9.145454545454555273e+00
-1.566363636363637113e+01
-1.218181818181818699e+01
-1.670000000000001705e+01
-2.181818181818186986e-01
1.126363636363635123e+01
6.745454545454549589e+00
9.227272727272719521e+00
3.136363636363640239e+00
2.254545454545457517e+00
3.727272727272747943e-01
-1.509090909090900823e+00
-2.390909090909090651e+00
-3.272727272727266268e+00
-1.154545454545448990e+00
-3.036363636363631713e+00
-1.918181818181814435e+00
4.200000000000002842e+00
3.318181818181813014e+00
2.454545454545453254e+00
6.909090909090878085e-01
9.272727272727223635e-01
-8.363636363636359761e-01
-1.600000000000001421e+00
-2.363636363636366866e+00
-2.127272727272725206e+00
-1.890909090909090651e+00
1.345454545454543904e+00
5.818181818181784593e-01
2.818181818181813014e+00
3.863636363636366866e+00
6.000000000000014211e-01
-1.663636363636356919e+00
-2.927272727272722364e+00
-5.190909090909087809e+00
1.545454545454546746e+00
1.281818181818181301e+00
1.818181818182296183e-02
3.754545454545457517e+00
4.909090909090920718e-01
-1.772727272727280479e+00
